{
  "RSpec": {
    "coverage": {
      "/Users/marinacorona/Turing/Module1/EnigmaProject/lib/key_generating_machine.rb": [
        null,
        null,
        1,
        1,
        null,
        null,
        null,
        1,
        0,
        0,
        0,
        0,
        0,
        null,
        0,
        0,
        0,
        0,
        0,
        0,
        null,
        null,
        null,
        null,
        null,
        null
      ],
      "/Users/marinacorona/Turing/Module1/EnigmaProject/lib/runner.rb": [
        1,
        1,
        null,
        null,
        1,
        1,
        null,
        1,
        10,
        null,
        null,
        1,
        2,
        null,
        2,
        2,
        2,
        null,
        null,
        1,
        1,
        null,
        null,
        1,
        null,
        null,
        6,
        null,
        null,
        1,
        5,
        null,
        null,
        null,
        null,
        null,
        null,
        null,
        1,
        5,
        null,
        null,
        null,
        null,
        null,
        null,
        1,
        4,
        4,
        4,
        4,
        null,
        null,
        null,
        1,
        5,
        5,
        5,
        null,
        null,
        null,
        1,
        null,
        null,
        4,
        4,
        4,
        4,
        4,
        4,
        20,
        4,
        null,
        16,
        null,
        20,
        20,
        null,
        4,
        null,
        null,
        1,
        2,
        2,
        10,
        4,
        null,
        2,
        null,
        2,
        null,
        2,
        null,
        10,
        null,
        2,
        null,
        null,
        null,
        1,
        1,
        1,
        5,
        null,
        null,
        1,
        1,
        5,
        null,
        null,
        null,
        null,
        null,
        null,
        null,
        null,
        null,
        null,
        null,
        null,
        null,
        null,
        null,
        null,
        null,
        null,
        null,
        null,
        null,
        null,
        null,
        null,
        null,
        null,
        null,
        null,
        null,
        null,
        null,
        null,
        null,
        null,
        null,
        null,
        null
      ],
      "/Users/marinacorona/Turing/Module1/EnigmaProject/test/test_helper.rb": [
        1,
        1
      ]
    },
    "timestamp": 1450300457
  }
}
