{
  "RSpec": {
    "coverage": {
      "/Users/marinacorona/Turing/Module1/EnigmaProject/lib/key_generating_machine.rb": [
        null,
        null,
        1,
        1,
        null,
        null,
        null,
        1,
        0,
        0,
        0,
        0,
        0,
        null,
        0,
        0,
        0,
        0,
        0,
        0,
        null,
        null,
        null,
        null,
        null,
        null
      ],
      "/Users/marinacorona/Turing/Module1/EnigmaProject/lib/runner.rb": [
        1,
        1,
        1,
        null,
        null,
        1,
        null,
        1,
        11,
        null,
        null,
        null,
        1,
        1,
        1,
        0,
        null,
        0,
        0,
        0,
        0,
        0,
        0,
        0,
        0,
        null,
        null,
        1,
        1,
        null,
        null,
        1,
        null,
        null,
        3,
        null,
        null,
        1,
        3,
        null,
        null,
        null,
        null,
        null,
        null,
        null,
        null,
        1,
        3,
        null,
        null,
        null,
        null,
        null,
        null,
        null,
        1,
        null,
        2,
        2,
        2,
        2,
        2,
        2,
        null,
        null,
        1,
        5,
        5,
        5,
        null,
        null,
        1,
        4,
        4,
        4,
        4,
        4,
        4,
        20,
        4,
        null,
        16,
        null,
        20,
        20,
        null,
        4,
        null,
        null,
        1,
        1,
        1,
        5,
        2,
        null,
        1,
        null,
        1,
        null,
        1,
        null,
        5,
        null,
        1,
        null,
        null,
        null,
        1,
        0,
        0,
        0,
        null,
        0,
        0,
        0,
        null,
        0,
        null,
        null,
        1,
        5,
        null,
        null,
        1,
        1,
        null,
        1,
        null,
        null,
        null,
        1,
        1,
        1,
        5,
        2,
        null,
        1,
        null,
        1,
        null,
        1,
        null,
        5,
        null,
        1,
        1,
        1,
        5,
        null,
        null,
        6,
        1,
        null,
        null,
        1,
        null,
        null,
        null,
        null,
        null
      ],
      "/Users/marinacorona/Turing/Module1/EnigmaProject/lib/file_reader.rb": [
        1,
        null,
        1,
        1,
        1,
        1,
        null,
        null,
        1,
        0,
        0,
        null,
        null,
        null
      ],
      "/Users/marinacorona/Turing/Module1/EnigmaProject/test/test_helper.rb": [
        1,
        1
      ]
    },
    "timestamp": 1450330789
  },
  "Unit Tests": {
    "coverage": {
      "/Users/marinacorona/Turing/Module1/EnigmaProject/lib/key_generating_machine.rb": [
        null,
        null,
        1,
        1,
        null,
        null,
        null,
        1,
        0,
        0,
        0,
        0,
        0,
        null,
        0,
        0,
        0,
        0,
        0,
        0,
        null,
        null,
        null,
        null,
        null,
        null
      ],
      "/Users/marinacorona/Turing/Module1/EnigmaProject/lib/runner.rb": [
        null,
        null,
        null,
        null,
        null,
        null,
        null,
        null,
        null,
        null,
        null,
        null,
        null,
        null,
        null,
        null,
        null,
        null,
        null,
        null,
        null,
        null,
        null,
        null,
        null,
        null,
        null,
        null,
        null,
        null,
        null,
        null,
        null,
        null,
        null,
        null,
        null,
        null,
        null,
        null,
        null,
        null,
        null,
        null,
        null,
        null,
        null,
        null,
        null,
        null,
        null,
        null,
        null,
        null,
        null,
        null,
        null,
        null,
        null,
        null,
        null,
        null,
        null,
        null,
        null,
        null,
        null,
        null,
        null,
        null,
        null,
        null,
        null,
        null,
        null,
        null,
        null,
        null,
        null,
        null,
        null,
        null,
        null,
        null,
        null,
        null,
        null,
        null,
        null,
        null,
        null,
        null,
        null,
        null,
        null,
        null,
        null,
        null,
        null,
        null,
        null,
        null,
        null,
        null,
        null,
        null,
        null,
        null,
        null,
        null,
        null,
        null,
        null,
        null,
        null,
        null,
        null,
        null,
        null,
        null,
        null,
        null,
        null,
        null,
        null,
        null,
        null,
        null,
        null,
        null,
        null,
        null,
        null,
        null,
        null,
        null,
        null,
        null,
        null,
        null,
        null,
        null,
        null,
        null,
        null,
        null,
        null,
        null,
        null,
        null,
        null,
        null,
        null,
        null,
        null,
        null,
        null,
        null,
        null,
        null,
        null,
        null
      ]
    },
    "timestamp": 1450329861
  }
}
